2025-08-08 22:52:45,535 [Worker-5: Loading available Gradle versions] INFO  o.e.b.c.i.u.g.PublishedGradleVersions - Gradle version information cache is not available. Remote download required.
2025-08-08 22:57:57,219 [Worker-36: Building] INFO  o.e.m.c.i.l.LifecycleMappingFactory - Using org.maven.ide.eclipse.wtp.WarLifecycleMapping lifecycle mapping for MavenProject: com.example:ecommerce-app-rest-api:0.0.1-SNAPSHOT @ C:\Users\Abhishek\Desktop\Wipro_Training\Day13_SpringBoot_RestAPI\MyProject\ecommerce-app-rest-api\pom.xml.
2025-08-08 22:58:00,005 [Worker-36: Building] INFO  o.a.m.s.f.DefaultMavenResourcesFiltering - Copying 1 resource from src\main\resources to target\classes
2025-08-08 22:58:00,022 [Worker-36: Building] INFO  o.a.m.s.f.DefaultMavenResourcesFiltering - Copying 0 resource from src\main\resources to target\classes
2025-08-08 22:58:00,029 [Worker-36: Building] INFO  o.a.m.s.f.DefaultMavenResourcesFiltering - skip non existing resourceDirectory C:\Users\Abhishek\Desktop\Wipro_Training\Day13_SpringBoot_RestAPI\MyProject\ecommerce-app-rest-api\src\test\resources
2025-08-08 22:58:00,882 [Worker-33: Building] INFO  o.a.m.s.f.DefaultMavenResourcesFiltering - Copying 1 resource from src\main\resources to target\classes
2025-08-08 22:58:00,885 [Worker-33: Building] INFO  o.a.m.s.f.DefaultMavenResourcesFiltering - Copying 0 resource from src\main\resources to target\classes
2025-08-08 22:58:00,890 [Worker-33: Building] INFO  o.a.m.s.f.DefaultMavenResourcesFiltering - skip non existing resourceDirectory C:\Users\Abhishek\Desktop\Wipro_Training\Day13_SpringBoot_RestAPI\MyProject\ecommerce-app-rest-api\src\test\resources
2025-08-08 22:58:02,048 [Worker-33: Building] INFO  o.e.m.c.i.l.LifecycleMappingFactory - Using org.maven.ide.eclipse.wtp.WarLifecycleMapping lifecycle mapping for MavenProject: com.example:movie-ticket-booking-app-rest-api:0.0.1-SNAPSHOT @ C:\Users\Abhishek\Desktop\Wipro_Training\Day13_SpringBoot_RestAPI\MyProject\movie-ticket-booking-app-rest-api\pom.xml.
2025-08-08 22:58:03,746 [Worker-33: Building] INFO  o.a.m.s.f.DefaultMavenResourcesFiltering - Copying 1 resource from src\main\resources to target\classes
2025-08-08 22:58:03,765 [Worker-33: Building] INFO  o.a.m.s.f.DefaultMavenResourcesFiltering - Copying 0 resource from src\main\resources to target\classes
2025-08-08 22:58:03,771 [Worker-33: Building] INFO  o.a.m.s.f.DefaultMavenResourcesFiltering - skip non existing resourceDirectory C:\Users\Abhishek\Desktop\Wipro_Training\Day13_SpringBoot_RestAPI\MyProject\movie-ticket-booking-app-rest-api\src\test\resources
2025-08-08 22:58:05,155 [Worker-19: Building] INFO  o.a.m.s.f.DefaultMavenResourcesFiltering - Copying 1 resource from src\main\resources to target\classes
2025-08-08 22:58:05,160 [Worker-19: Building] INFO  o.a.m.s.f.DefaultMavenResourcesFiltering - Copying 0 resource from src\main\resources to target\classes
2025-08-08 22:58:05,168 [Worker-19: Building] INFO  o.a.m.s.f.DefaultMavenResourcesFiltering - skip non existing resourceDirectory C:\Users\Abhishek\Desktop\Wipro_Training\Day13_SpringBoot_RestAPI\MyProject\movie-ticket-booking-app-rest-api\src\test\resources
2025-08-08 23:05:15,401 [Worker-37: Update Maven projects configuration] INFO  o.e.m.c.i.p.ProjectConfigurationManager - Update started
2025-08-08 23:05:16,094 [Worker-37: Update Maven projects configuration] INFO  o.e.m.c.i.l.LifecycleMappingFactory - Using org.maven.ide.eclipse.wtp.WarLifecycleMapping lifecycle mapping for MavenProject: com.example:hotel-booking-system-rest-api:0.0.1-SNAPSHOT @ C:\Users\Abhishek\Desktop\Wipro_Training\Day13_SpringBoot_RestAPI\MyProject\hotel-booking-system-rest-api\pom.xml.
2025-08-08 23:05:17,843 [Worker-37: Update Maven projects configuration] INFO  o.e.m.j.i.AbstractJavaProjectConfigurator - Adding source folder /hotel-booking-system-rest-api/src/main/java
2025-08-08 23:05:17,847 [Worker-37: Update Maven projects configuration] INFO  o.e.m.j.i.AbstractJavaProjectConfigurator - Adding resource folder /hotel-booking-system-rest-api/src/main/resources
2025-08-08 23:05:17,858 [Worker-37: Update Maven projects configuration] INFO  o.e.m.j.i.AbstractJavaProjectConfigurator - Adding resource folder /hotel-booking-system-rest-api/src/main/resources
2025-08-08 23:05:17,867 [Worker-37: Update Maven projects configuration] INFO  o.e.m.j.i.AbstractJavaProjectConfigurator - Adding source folder /hotel-booking-system-rest-api/src/test/java
2025-08-08 23:05:17,869 [Worker-37: Update Maven projects configuration] INFO  o.e.m.j.i.AbstractJavaProjectConfigurator - Adding resource folder /hotel-booking-system-rest-api/src/test/resources
2025-08-08 23:05:18,529 [Worker-42: Building] INFO  o.a.m.s.f.DefaultMavenResourcesFiltering - Copying 1 resource from src\main\resources to target\classes
2025-08-08 23:05:18,551 [Worker-42: Building] INFO  o.a.m.s.f.DefaultMavenResourcesFiltering - Copying 0 resource from src\main\resources to target\classes
2025-08-08 23:05:18,557 [Worker-42: Building] INFO  o.a.m.s.f.DefaultMavenResourcesFiltering - skip non existing resourceDirectory C:\Users\Abhishek\Desktop\Wipro_Training\Day13_SpringBoot_RestAPI\MyProject\hotel-booking-system-rest-api\src\test\resources
2025-08-08 23:05:20,541 [Worker-41: Building] INFO  o.a.m.s.f.DefaultMavenResourcesFiltering - Copying 1 resource from src\main\resources to target\classes
2025-08-08 23:05:20,544 [Worker-41: Building] INFO  o.a.m.s.f.DefaultMavenResourcesFiltering - Copying 0 resource from src\main\resources to target\classes
2025-08-08 23:05:20,550 [Worker-41: Building] INFO  o.a.m.s.f.DefaultMavenResourcesFiltering - skip non existing resourceDirectory C:\Users\Abhishek\Desktop\Wipro_Training\Day13_SpringBoot_RestAPI\MyProject\hotel-booking-system-rest-api\src\test\resources
2025-08-08 23:05:20,659 [Worker-37: Update Maven projects configuration] INFO  o.e.m.c.i.p.ProjectConfigurationManager - Update completed for 1 poms: local refresh takes 0.00 sec, refresh facades takes 2.00 sec, update config takes 3.00 sec 
2025-08-08 23:05:21,652 [Worker-44: Building] INFO  o.a.m.s.f.DefaultMavenResourcesFiltering - Copying 0 resource from src\main\resources to target\classes
2025-08-08 23:05:21,654 [Worker-44: Building] INFO  o.a.m.s.f.DefaultMavenResourcesFiltering - Copying 0 resource from src\main\resources to target\classes
2025-08-08 23:05:21,657 [Worker-44: Building] INFO  o.a.m.s.f.DefaultMavenResourcesFiltering - skip non existing resourceDirectory C:\Users\Abhishek\Desktop\Wipro_Training\Day13_SpringBoot_RestAPI\MyProject\hotel-booking-system-rest-api\src\test\resources
2025-08-08 23:11:40,944 [Worker-42: Building] INFO  o.a.m.s.f.DefaultMavenResourcesFiltering - Copying 1 resource from src\main\resources to target\classes
2025-08-08 23:11:40,978 [Worker-42: Building] INFO  o.a.m.s.f.DefaultMavenResourcesFiltering - Copying 0 resource from src\main\resources to target\classes
2025-08-08 23:11:40,986 [Worker-42: Building] INFO  o.a.m.s.f.DefaultMavenResourcesFiltering - skip non existing resourceDirectory C:\Users\Abhishek\Desktop\Wipro_Training\Day13_SpringBoot_RestAPI\MyProject\hotel-booking-system-rest-api\src\test\resources
2025-08-08 23:11:48,397 [Worker-45: Building] INFO  o.a.m.s.f.DefaultMavenResourcesFiltering - Copying 1 resource from src\main\resources to target\classes
2025-08-08 23:11:48,414 [Worker-45: Building] INFO  o.a.m.s.f.DefaultMavenResourcesFiltering - Copying 0 resource from src\main\resources to target\classes
2025-08-08 23:11:48,420 [Worker-45: Building] INFO  o.a.m.s.f.DefaultMavenResourcesFiltering - skip non existing resourceDirectory C:\Users\Abhishek\Desktop\Wipro_Training\Day13_SpringBoot_RestAPI\MyProject\hotel-booking-system-rest-api\src\test\resources
2025-08-08 23:12:53,094 [Worker-42: Building] INFO  o.a.m.s.f.DefaultMavenResourcesFiltering - Copying 1 resource from src\main\resources to target\classes
2025-08-08 23:12:53,108 [Worker-42: Building] INFO  o.a.m.s.f.DefaultMavenResourcesFiltering - Copying 0 resource from src\main\resources to target\classes
2025-08-08 23:12:53,114 [Worker-42: Building] INFO  o.a.m.s.f.DefaultMavenResourcesFiltering - skip non existing resourceDirectory C:\Users\Abhishek\Desktop\Wipro_Training\Day13_SpringBoot_RestAPI\MyProject\hotel-booking-system-rest-api\src\test\resources
2025-08-08 23:13:02,319 [Worker-46: Building] INFO  o.a.m.s.f.DefaultMavenResourcesFiltering - Copying 1 resource from src\main\resources to target\classes
2025-08-08 23:13:02,354 [Worker-46: Building] INFO  o.a.m.s.f.DefaultMavenResourcesFiltering - Copying 0 resource from src\main\resources to target\classes
2025-08-08 23:13:02,365 [Worker-46: Building] INFO  o.a.m.s.f.DefaultMavenResourcesFiltering - skip non existing resourceDirectory C:\Users\Abhishek\Desktop\Wipro_Training\Day13_SpringBoot_RestAPI\MyProject\hotel-booking-system-rest-api\src\test\resources
2025-08-08 23:13:11,530 [Worker-45: Building] INFO  o.a.m.s.f.DefaultMavenResourcesFiltering - Copying 1 resource from src\main\resources to target\classes
2025-08-08 23:13:11,557 [Worker-45: Building] INFO  o.a.m.s.f.DefaultMavenResourcesFiltering - Copying 0 resource from src\main\resources to target\classes
2025-08-08 23:13:11,571 [Worker-45: Building] INFO  o.a.m.s.f.DefaultMavenResourcesFiltering - skip non existing resourceDirectory C:\Users\Abhishek\Desktop\Wipro_Training\Day13_SpringBoot_RestAPI\MyProject\hotel-booking-system-rest-api\src\test\resources
2025-08-08 23:13:24,521 [Worker-45: Building] INFO  o.a.m.s.f.DefaultMavenResourcesFiltering - Copying 1 resource from src\main\resources to target\classes
2025-08-08 23:13:24,541 [Worker-45: Building] INFO  o.a.m.s.f.DefaultMavenResourcesFiltering - Copying 0 resource from src\main\resources to target\classes
2025-08-08 23:13:24,552 [Worker-45: Building] INFO  o.a.m.s.f.DefaultMavenResourcesFiltering - skip non existing resourceDirectory C:\Users\Abhishek\Desktop\Wipro_Training\Day13_SpringBoot_RestAPI\MyProject\hotel-booking-system-rest-api\src\test\resources
2025-08-08 23:14:28,585 [Worker-46: Building] INFO  o.a.m.s.f.DefaultMavenResourcesFiltering - Copying 1 resource from src\main\resources to target\classes
2025-08-08 23:14:28,610 [Worker-46: Building] INFO  o.a.m.s.f.DefaultMavenResourcesFiltering - Copying 0 resource from src\main\resources to target\classes
2025-08-08 23:14:28,620 [Worker-46: Building] INFO  o.a.m.s.f.DefaultMavenResourcesFiltering - skip non existing resourceDirectory C:\Users\Abhishek\Desktop\Wipro_Training\Day13_SpringBoot_RestAPI\MyProject\hotel-booking-system-rest-api\src\test\resources
2025-08-08 23:14:46,978 [Worker-42: Building] INFO  o.a.m.s.f.DefaultMavenResourcesFiltering - Copying 1 resource from src\main\resources to target\classes
2025-08-08 23:14:46,995 [Worker-42: Building] INFO  o.a.m.s.f.DefaultMavenResourcesFiltering - Copying 0 resource from src\main\resources to target\classes
2025-08-08 23:14:47,004 [Worker-42: Building] INFO  o.a.m.s.f.DefaultMavenResourcesFiltering - skip non existing resourceDirectory C:\Users\Abhishek\Desktop\Wipro_Training\Day13_SpringBoot_RestAPI\MyProject\hotel-booking-system-rest-api\src\test\resources
2025-08-08 23:15:51,474 [Worker-42: Building] INFO  o.a.m.s.f.DefaultMavenResourcesFiltering - Copying 1 resource from src\main\resources to target\classes
2025-08-08 23:15:51,492 [Worker-42: Building] INFO  o.a.m.s.f.DefaultMavenResourcesFiltering - Copying 0 resource from src\main\resources to target\classes
2025-08-08 23:15:51,500 [Worker-42: Building] INFO  o.a.m.s.f.DefaultMavenResourcesFiltering - skip non existing resourceDirectory C:\Users\Abhishek\Desktop\Wipro_Training\Day13_SpringBoot_RestAPI\MyProject\hotel-booking-system-rest-api\src\test\resources
2025-08-08 23:16:46,792 [Worker-45: Building] INFO  o.a.m.s.f.DefaultMavenResourcesFiltering - Copying 1 resource from src\main\resources to target\classes
2025-08-08 23:16:46,812 [Worker-45: Building] INFO  o.a.m.s.f.DefaultMavenResourcesFiltering - Copying 0 resource from src\main\resources to target\classes
2025-08-08 23:16:46,819 [Worker-45: Building] INFO  o.a.m.s.f.DefaultMavenResourcesFiltering - skip non existing resourceDirectory C:\Users\Abhishek\Desktop\Wipro_Training\Day13_SpringBoot_RestAPI\MyProject\hotel-booking-system-rest-api\src\test\resources
2025-08-08 23:17:48,963 [Worker-44: Building] INFO  o.a.m.s.f.DefaultMavenResourcesFiltering - Copying 1 resource from src\main\resources to target\classes
2025-08-08 23:17:48,979 [Worker-44: Building] INFO  o.a.m.s.f.DefaultMavenResourcesFiltering - Copying 0 resource from src\main\resources to target\classes
2025-08-08 23:17:48,984 [Worker-44: Building] INFO  o.a.m.s.f.DefaultMavenResourcesFiltering - skip non existing resourceDirectory C:\Users\Abhishek\Desktop\Wipro_Training\Day13_SpringBoot_RestAPI\MyProject\hotel-booking-system-rest-api\src\test\resources
2025-08-08 23:18:26,687 [Worker-46: Building] INFO  o.a.m.s.f.DefaultMavenResourcesFiltering - Copying 1 resource from src\main\resources to target\classes
2025-08-08 23:18:26,710 [Worker-46: Building] INFO  o.a.m.s.f.DefaultMavenResourcesFiltering - Copying 0 resource from src\main\resources to target\classes
2025-08-08 23:18:26,719 [Worker-46: Building] INFO  o.a.m.s.f.DefaultMavenResourcesFiltering - skip non existing resourceDirectory C:\Users\Abhishek\Desktop\Wipro_Training\Day13_SpringBoot_RestAPI\MyProject\hotel-booking-system-rest-api\src\test\resources
2025-08-08 23:18:54,278 [Worker-45: Building] INFO  o.a.m.s.f.DefaultMavenResourcesFiltering - Copying 1 resource from src\main\resources to target\classes
2025-08-08 23:18:54,290 [Worker-45: Building] INFO  o.a.m.s.f.DefaultMavenResourcesFiltering - Copying 0 resource from src\main\resources to target\classes
2025-08-08 23:18:54,295 [Worker-45: Building] INFO  o.a.m.s.f.DefaultMavenResourcesFiltering - skip non existing resourceDirectory C:\Users\Abhishek\Desktop\Wipro_Training\Day13_SpringBoot_RestAPI\MyProject\hotel-booking-system-rest-api\src\test\resources
2025-08-08 23:19:14,592 [Worker-44: Building] INFO  o.a.m.s.f.DefaultMavenResourcesFiltering - Copying 1 resource from src\main\resources to target\classes
2025-08-08 23:19:14,616 [Worker-44: Building] INFO  o.a.m.s.f.DefaultMavenResourcesFiltering - Copying 0 resource from src\main\resources to target\classes
2025-08-08 23:19:14,623 [Worker-44: Building] INFO  o.a.m.s.f.DefaultMavenResourcesFiltering - skip non existing resourceDirectory C:\Users\Abhishek\Desktop\Wipro_Training\Day13_SpringBoot_RestAPI\MyProject\hotel-booking-system-rest-api\src\test\resources
2025-08-08 23:21:31,126 [Worker-42: Building] INFO  o.a.m.s.f.DefaultMavenResourcesFiltering - Copying 1 resource from src\main\resources to target\classes
2025-08-08 23:21:31,164 [Worker-42: Building] INFO  o.a.m.s.f.DefaultMavenResourcesFiltering - Copying 0 resource from src\main\resources to target\classes
2025-08-08 23:21:31,171 [Worker-42: Building] INFO  o.a.m.s.f.DefaultMavenResourcesFiltering - skip non existing resourceDirectory C:\Users\Abhishek\Desktop\Wipro_Training\Day13_SpringBoot_RestAPI\MyProject\hotel-booking-system-rest-api\src\test\resources
2025-08-08 23:21:44,281 [Worker-45: Building] INFO  o.a.m.s.f.DefaultMavenResourcesFiltering - Copying 1 resource from src\main\resources to target\classes
2025-08-08 23:21:44,308 [Worker-45: Building] INFO  o.a.m.s.f.DefaultMavenResourcesFiltering - Copying 0 resource from src\main\resources to target\classes
2025-08-08 23:21:44,317 [Worker-45: Building] INFO  o.a.m.s.f.DefaultMavenResourcesFiltering - skip non existing resourceDirectory C:\Users\Abhishek\Desktop\Wipro_Training\Day13_SpringBoot_RestAPI\MyProject\hotel-booking-system-rest-api\src\test\resources
2025-08-08 23:21:57,450 [Worker-46: Building] INFO  o.a.m.s.f.DefaultMavenResourcesFiltering - Copying 1 resource from src\main\resources to target\classes
2025-08-08 23:21:57,480 [Worker-46: Building] INFO  o.a.m.s.f.DefaultMavenResourcesFiltering - Copying 0 resource from src\main\resources to target\classes
2025-08-08 23:21:57,491 [Worker-46: Building] INFO  o.a.m.s.f.DefaultMavenResourcesFiltering - skip non existing resourceDirectory C:\Users\Abhishek\Desktop\Wipro_Training\Day13_SpringBoot_RestAPI\MyProject\hotel-booking-system-rest-api\src\test\resources
2025-08-08 23:22:09,610 [Worker-46: Building] INFO  o.a.m.s.f.DefaultMavenResourcesFiltering - Copying 1 resource from src\main\resources to target\classes
2025-08-08 23:22:09,635 [Worker-46: Building] INFO  o.a.m.s.f.DefaultMavenResourcesFiltering - Copying 0 resource from src\main\resources to target\classes
2025-08-08 23:22:09,646 [Worker-46: Building] INFO  o.a.m.s.f.DefaultMavenResourcesFiltering - skip non existing resourceDirectory C:\Users\Abhishek\Desktop\Wipro_Training\Day13_SpringBoot_RestAPI\MyProject\hotel-booking-system-rest-api\src\test\resources
2025-08-08 23:22:31,235 [Worker-42: Building] INFO  o.a.m.s.f.DefaultMavenResourcesFiltering - Copying 1 resource from src\main\resources to target\classes
2025-08-08 23:22:31,259 [Worker-42: Building] INFO  o.a.m.s.f.DefaultMavenResourcesFiltering - Copying 0 resource from src\main\resources to target\classes
2025-08-08 23:22:31,274 [Worker-42: Building] INFO  o.a.m.s.f.DefaultMavenResourcesFiltering - skip non existing resourceDirectory C:\Users\Abhishek\Desktop\Wipro_Training\Day13_SpringBoot_RestAPI\MyProject\hotel-booking-system-rest-api\src\test\resources
2025-08-08 23:22:50,958 [Worker-45: Building] INFO  o.a.m.s.f.DefaultMavenResourcesFiltering - Copying 1 resource from src\main\resources to target\classes
2025-08-08 23:22:50,976 [Worker-45: Building] INFO  o.a.m.s.f.DefaultMavenResourcesFiltering - Copying 0 resource from src\main\resources to target\classes
2025-08-08 23:22:50,983 [Worker-45: Building] INFO  o.a.m.s.f.DefaultMavenResourcesFiltering - skip non existing resourceDirectory C:\Users\Abhishek\Desktop\Wipro_Training\Day13_SpringBoot_RestAPI\MyProject\hotel-booking-system-rest-api\src\test\resources
2025-08-08 23:23:04,904 [Worker-45: Building] INFO  o.a.m.s.f.DefaultMavenResourcesFiltering - Copying 1 resource from src\main\resources to target\classes
2025-08-08 23:23:04,924 [Worker-45: Building] INFO  o.a.m.s.f.DefaultMavenResourcesFiltering - Copying 0 resource from src\main\resources to target\classes
2025-08-08 23:23:04,933 [Worker-45: Building] INFO  o.a.m.s.f.DefaultMavenResourcesFiltering - skip non existing resourceDirectory C:\Users\Abhishek\Desktop\Wipro_Training\Day13_SpringBoot_RestAPI\MyProject\hotel-booking-system-rest-api\src\test\resources
2025-08-08 23:23:17,874 [Worker-44: Building] INFO  o.a.m.s.f.DefaultMavenResourcesFiltering - Copying 1 resource from src\main\resources to target\classes
2025-08-08 23:23:17,895 [Worker-44: Building] INFO  o.a.m.s.f.DefaultMavenResourcesFiltering - Copying 0 resource from src\main\resources to target\classes
2025-08-08 23:23:17,902 [Worker-44: Building] INFO  o.a.m.s.f.DefaultMavenResourcesFiltering - skip non existing resourceDirectory C:\Users\Abhishek\Desktop\Wipro_Training\Day13_SpringBoot_RestAPI\MyProject\hotel-booking-system-rest-api\src\test\resources
2025-08-08 23:23:38,947 [Worker-45: Building] INFO  o.a.m.s.f.DefaultMavenResourcesFiltering - Copying 1 resource from src\main\resources to target\classes
2025-08-08 23:23:38,976 [Worker-45: Building] INFO  o.a.m.s.f.DefaultMavenResourcesFiltering - Copying 0 resource from src\main\resources to target\classes
2025-08-08 23:23:38,985 [Worker-45: Building] INFO  o.a.m.s.f.DefaultMavenResourcesFiltering - skip non existing resourceDirectory C:\Users\Abhishek\Desktop\Wipro_Training\Day13_SpringBoot_RestAPI\MyProject\hotel-booking-system-rest-api\src\test\resources
2025-08-08 23:23:50,999 [Worker-46: Building] INFO  o.a.m.s.f.DefaultMavenResourcesFiltering - Copying 1 resource from src\main\resources to target\classes
2025-08-08 23:23:51,020 [Worker-46: Building] INFO  o.a.m.s.f.DefaultMavenResourcesFiltering - Copying 0 resource from src\main\resources to target\classes
2025-08-08 23:23:51,031 [Worker-46: Building] INFO  o.a.m.s.f.DefaultMavenResourcesFiltering - skip non existing resourceDirectory C:\Users\Abhishek\Desktop\Wipro_Training\Day13_SpringBoot_RestAPI\MyProject\hotel-booking-system-rest-api\src\test\resources
2025-08-08 23:24:01,107 [Worker-48: Building] INFO  o.a.m.s.f.DefaultMavenResourcesFiltering - Copying 1 resource from src\main\resources to target\classes
2025-08-08 23:24:01,129 [Worker-48: Building] INFO  o.a.m.s.f.DefaultMavenResourcesFiltering - Copying 0 resource from src\main\resources to target\classes
2025-08-08 23:24:01,136 [Worker-48: Building] INFO  o.a.m.s.f.DefaultMavenResourcesFiltering - skip non existing resourceDirectory C:\Users\Abhishek\Desktop\Wipro_Training\Day13_SpringBoot_RestAPI\MyProject\hotel-booking-system-rest-api\src\test\resources
2025-08-08 23:24:14,704 [Worker-47: Building] INFO  o.a.m.s.f.DefaultMavenResourcesFiltering - Copying 1 resource from src\main\resources to target\classes
2025-08-08 23:24:14,722 [Worker-47: Building] INFO  o.a.m.s.f.DefaultMavenResourcesFiltering - Copying 0 resource from src\main\resources to target\classes
2025-08-08 23:24:14,732 [Worker-47: Building] INFO  o.a.m.s.f.DefaultMavenResourcesFiltering - skip non existing resourceDirectory C:\Users\Abhishek\Desktop\Wipro_Training\Day13_SpringBoot_RestAPI\MyProject\hotel-booking-system-rest-api\src\test\resources
2025-08-08 23:37:38,183 [Worker-53: Building] INFO  o.a.m.s.f.DefaultMavenResourcesFiltering - Copying 1 resource from src\main\resources to target\classes
2025-08-08 23:37:38,211 [Worker-53: Building] INFO  o.a.m.s.f.DefaultMavenResourcesFiltering - Copying 0 resource from src\main\resources to target\classes
2025-08-08 23:37:38,220 [Worker-53: Building] INFO  o.a.m.s.f.DefaultMavenResourcesFiltering - skip non existing resourceDirectory C:\Users\Abhishek\Desktop\Wipro_Training\Day13_SpringBoot_RestAPI\MyProject\hotel-booking-system-rest-api\src\test\resources
2025-08-08 23:37:50,645 [Worker-52: Building] INFO  o.a.m.s.f.DefaultMavenResourcesFiltering - Copying 1 resource from src\main\resources to target\classes
2025-08-08 23:37:50,675 [Worker-52: Building] INFO  o.a.m.s.f.DefaultMavenResourcesFiltering - Copying 0 resource from src\main\resources to target\classes
2025-08-08 23:37:50,685 [Worker-52: Building] INFO  o.a.m.s.f.DefaultMavenResourcesFiltering - skip non existing resourceDirectory C:\Users\Abhishek\Desktop\Wipro_Training\Day13_SpringBoot_RestAPI\MyProject\hotel-booking-system-rest-api\src\test\resources
2025-08-08 23:38:00,704 [Worker-52: Building] INFO  o.a.m.s.f.DefaultMavenResourcesFiltering - Copying 1 resource from src\main\resources to target\classes
2025-08-08 23:38:00,725 [Worker-52: Building] INFO  o.a.m.s.f.DefaultMavenResourcesFiltering - Copying 0 resource from src\main\resources to target\classes
2025-08-08 23:38:00,733 [Worker-52: Building] INFO  o.a.m.s.f.DefaultMavenResourcesFiltering - skip non existing resourceDirectory C:\Users\Abhishek\Desktop\Wipro_Training\Day13_SpringBoot_RestAPI\MyProject\hotel-booking-system-rest-api\src\test\resources
2025-08-08 23:38:14,218 [Worker-52: Building] INFO  o.a.m.s.f.DefaultMavenResourcesFiltering - Copying 1 resource from src\main\resources to target\classes
2025-08-08 23:38:14,241 [Worker-52: Building] INFO  o.a.m.s.f.DefaultMavenResourcesFiltering - Copying 0 resource from src\main\resources to target\classes
2025-08-08 23:38:14,247 [Worker-52: Building] INFO  o.a.m.s.f.DefaultMavenResourcesFiltering - skip non existing resourceDirectory C:\Users\Abhishek\Desktop\Wipro_Training\Day13_SpringBoot_RestAPI\MyProject\hotel-booking-system-rest-api\src\test\resources
2025-08-08 23:38:36,602 [Worker-52: Building] INFO  o.a.m.s.f.DefaultMavenResourcesFiltering - Copying 1 resource from src\main\resources to target\classes
2025-08-08 23:38:36,649 [Worker-52: Building] INFO  o.a.m.s.f.DefaultMavenResourcesFiltering - Copying 0 resource from src\main\resources to target\classes
2025-08-08 23:38:36,657 [Worker-52: Building] INFO  o.a.m.s.f.DefaultMavenResourcesFiltering - skip non existing resourceDirectory C:\Users\Abhishek\Desktop\Wipro_Training\Day13_SpringBoot_RestAPI\MyProject\hotel-booking-system-rest-api\src\test\resources
2025-08-08 23:38:49,197 [Worker-54: Building] INFO  o.a.m.s.f.DefaultMavenResourcesFiltering - Copying 1 resource from src\main\resources to target\classes
2025-08-08 23:38:49,236 [Worker-54: Building] INFO  o.a.m.s.f.DefaultMavenResourcesFiltering - Copying 0 resource from src\main\resources to target\classes
2025-08-08 23:38:49,242 [Worker-54: Building] INFO  o.a.m.s.f.DefaultMavenResourcesFiltering - skip non existing resourceDirectory C:\Users\Abhishek\Desktop\Wipro_Training\Day13_SpringBoot_RestAPI\MyProject\hotel-booking-system-rest-api\src\test\resources
2025-08-08 23:39:01,453 [Worker-52: Building] INFO  o.a.m.s.f.DefaultMavenResourcesFiltering - Copying 1 resource from src\main\resources to target\classes
2025-08-08 23:39:01,464 [Worker-52: Building] INFO  o.a.m.s.f.DefaultMavenResourcesFiltering - Copying 0 resource from src\main\resources to target\classes
2025-08-08 23:39:01,470 [Worker-52: Building] INFO  o.a.m.s.f.DefaultMavenResourcesFiltering - skip non existing resourceDirectory C:\Users\Abhishek\Desktop\Wipro_Training\Day13_SpringBoot_RestAPI\MyProject\hotel-booking-system-rest-api\src\test\resources
2025-08-08 23:39:13,837 [Worker-46: Building] INFO  o.a.m.s.f.DefaultMavenResourcesFiltering - Copying 1 resource from src\main\resources to target\classes
2025-08-08 23:39:13,856 [Worker-46: Building] INFO  o.a.m.s.f.DefaultMavenResourcesFiltering - Copying 0 resource from src\main\resources to target\classes
2025-08-08 23:39:13,862 [Worker-46: Building] INFO  o.a.m.s.f.DefaultMavenResourcesFiltering - skip non existing resourceDirectory C:\Users\Abhishek\Desktop\Wipro_Training\Day13_SpringBoot_RestAPI\MyProject\hotel-booking-system-rest-api\src\test\resources
2025-08-08 23:39:49,198 [Worker-54: Building] INFO  o.a.m.s.f.DefaultMavenResourcesFiltering - Copying 1 resource from src\main\resources to target\classes
2025-08-08 23:39:49,211 [Worker-54: Building] INFO  o.a.m.s.f.DefaultMavenResourcesFiltering - Copying 0 resource from src\main\resources to target\classes
2025-08-08 23:39:49,218 [Worker-54: Building] INFO  o.a.m.s.f.DefaultMavenResourcesFiltering - skip non existing resourceDirectory C:\Users\Abhishek\Desktop\Wipro_Training\Day13_SpringBoot_RestAPI\MyProject\hotel-booking-system-rest-api\src\test\resources
2025-08-08 23:40:08,994 [Worker-52: Building] INFO  o.a.m.s.f.DefaultMavenResourcesFiltering - Copying 1 resource from src\main\resources to target\classes
2025-08-08 23:40:09,006 [Worker-52: Building] INFO  o.a.m.s.f.DefaultMavenResourcesFiltering - Copying 0 resource from src\main\resources to target\classes
2025-08-08 23:40:09,013 [Worker-52: Building] INFO  o.a.m.s.f.DefaultMavenResourcesFiltering - skip non existing resourceDirectory C:\Users\Abhishek\Desktop\Wipro_Training\Day13_SpringBoot_RestAPI\MyProject\hotel-booking-system-rest-api\src\test\resources
2025-08-08 23:40:25,099 [Worker-52: Building] INFO  o.a.m.s.f.DefaultMavenResourcesFiltering - Copying 1 resource from src\main\resources to target\classes
2025-08-08 23:40:25,147 [Worker-52: Building] INFO  o.a.m.s.f.DefaultMavenResourcesFiltering - Copying 0 resource from src\main\resources to target\classes
2025-08-08 23:40:25,157 [Worker-52: Building] INFO  o.a.m.s.f.DefaultMavenResourcesFiltering - skip non existing resourceDirectory C:\Users\Abhishek\Desktop\Wipro_Training\Day13_SpringBoot_RestAPI\MyProject\hotel-booking-system-rest-api\src\test\resources
2025-08-08 23:40:39,563 [Worker-54: Building] INFO  o.a.m.s.f.DefaultMavenResourcesFiltering - Copying 1 resource from src\main\resources to target\classes
2025-08-08 23:40:39,595 [Worker-54: Building] INFO  o.a.m.s.f.DefaultMavenResourcesFiltering - Copying 0 resource from src\main\resources to target\classes
2025-08-08 23:40:39,606 [Worker-54: Building] INFO  o.a.m.s.f.DefaultMavenResourcesFiltering - skip non existing resourceDirectory C:\Users\Abhishek\Desktop\Wipro_Training\Day13_SpringBoot_RestAPI\MyProject\hotel-booking-system-rest-api\src\test\resources
2025-08-08 23:41:19,575 [Worker-46: Building] INFO  o.a.m.s.f.DefaultMavenResourcesFiltering - Copying 1 resource from src\main\resources to target\classes
2025-08-08 23:41:19,601 [Worker-46: Building] INFO  o.a.m.s.f.DefaultMavenResourcesFiltering - Copying 0 resource from src\main\resources to target\classes
2025-08-08 23:41:19,610 [Worker-46: Building] INFO  o.a.m.s.f.DefaultMavenResourcesFiltering - skip non existing resourceDirectory C:\Users\Abhishek\Desktop\Wipro_Training\Day13_SpringBoot_RestAPI\MyProject\hotel-booking-system-rest-api\src\test\resources
2025-08-08 23:44:41,798 [Worker-54: Building] INFO  o.a.m.s.f.DefaultMavenResourcesFiltering - Copying 1 resource from src\main\resources to target\classes
2025-08-08 23:44:41,811 [Worker-54: Building] INFO  o.a.m.s.f.DefaultMavenResourcesFiltering - Copying 0 resource from src\main\resources to target\classes
2025-08-08 23:44:41,815 [Worker-54: Building] INFO  o.a.m.s.f.DefaultMavenResourcesFiltering - skip non existing resourceDirectory C:\Users\Abhishek\Desktop\Wipro_Training\Day13_SpringBoot_RestAPI\MyProject\hotel-booking-system-rest-api\src\test\resources
2025-08-08 23:48:07,268 [Worker-60: Building] INFO  o.a.m.s.f.DefaultMavenResourcesFiltering - Copying 1 resource from src\main\resources to target\classes
2025-08-08 23:48:07,323 [Worker-60: Building] INFO  o.a.m.s.f.DefaultMavenResourcesFiltering - Copying 0 resource from src\main\resources to target\classes
2025-08-08 23:48:07,335 [Worker-60: Building] INFO  o.a.m.s.f.DefaultMavenResourcesFiltering - skip non existing resourceDirectory C:\Users\Abhishek\Desktop\Wipro_Training\Day13_SpringBoot_RestAPI\MyProject\hotel-booking-system-rest-api\src\test\resources
2025-08-08 23:58:56,047 [Worker-60: Building] INFO  o.a.m.s.f.DefaultMavenResourcesFiltering - Copying 1 resource from src\main\resources to target\classes
2025-08-08 23:58:56,108 [Worker-60: Building] INFO  o.a.m.s.f.DefaultMavenResourcesFiltering - Copying 0 resource from src\main\resources to target\classes
2025-08-08 23:58:56,116 [Worker-60: Building] INFO  o.a.m.s.f.DefaultMavenResourcesFiltering - skip non existing resourceDirectory C:\Users\Abhishek\Desktop\Wipro_Training\Day13_SpringBoot_RestAPI\MyProject\hotel-booking-system-rest-api\src\test\resources
2025-08-08 23:59:19,700 [Worker-59: Building] INFO  o.a.m.s.f.DefaultMavenResourcesFiltering - Copying 1 resource from src\main\resources to target\classes
2025-08-08 23:59:19,766 [Worker-59: Building] INFO  o.a.m.s.f.DefaultMavenResourcesFiltering - Copying 0 resource from src\main\resources to target\classes
2025-08-08 23:59:19,777 [Worker-59: Building] INFO  o.a.m.s.f.DefaultMavenResourcesFiltering - skip non existing resourceDirectory C:\Users\Abhishek\Desktop\Wipro_Training\Day13_SpringBoot_RestAPI\MyProject\hotel-booking-system-rest-api\src\test\resources
2025-08-09 00:00:14,793 [Worker-60: Building] INFO  o.a.m.s.f.DefaultMavenResourcesFiltering - Copying 1 resource from src\main\resources to target\classes
2025-08-09 00:00:14,830 [Worker-60: Building] INFO  o.a.m.s.f.DefaultMavenResourcesFiltering - Copying 0 resource from src\main\resources to target\classes
2025-08-09 00:00:14,838 [Worker-60: Building] INFO  o.a.m.s.f.DefaultMavenResourcesFiltering - skip non existing resourceDirectory C:\Users\Abhishek\Desktop\Wipro_Training\Day13_SpringBoot_RestAPI\MyProject\hotel-booking-system-rest-api\src\test\resources
2025-08-09 00:00:49,486 [Worker-61: Building] INFO  o.a.m.s.f.DefaultMavenResourcesFiltering - Copying 1 resource from src\main\resources to target\classes
2025-08-09 00:00:49,589 [Worker-61: Building] INFO  o.a.m.s.f.DefaultMavenResourcesFiltering - Copying 0 resource from src\main\resources to target\classes
2025-08-09 00:00:49,597 [Worker-61: Building] INFO  o.a.m.s.f.DefaultMavenResourcesFiltering - skip non existing resourceDirectory C:\Users\Abhishek\Desktop\Wipro_Training\Day13_SpringBoot_RestAPI\MyProject\hotel-booking-system-rest-api\src\test\resources
