2025-08-17 21:58:56,597 [Worker-6: Loading available Gradle versions] INFO  o.e.b.c.i.u.g.PublishedGradleVersions - Gradle version information cache is not available. Remote download required.
2025-08-17 21:59:11,388 [Worker-19: Updating Maven Dependencies] INFO  o.e.m.c.i.l.LifecycleMappingFactory - Using org.maven.ide.eclipse.wtp.WarLifecycleMapping lifecycle mapping for MavenProject: com.example:api-gateway:0.0.1-SNAPSHOT @ C:\Users\Abhishek\Desktop\Wipro_Training\Day21_Kafka\MyProject\Kafka_Online_Learning_Platform\api-gateway\pom.xml.
2025-08-17 21:59:12,303 [Worker-1: Building] INFO  o.e.m.c.i.l.LifecycleMappingFactory - Using org.maven.ide.eclipse.wtp.WarLifecycleMapping lifecycle mapping for MavenProject: com.example:api-gateway:0.0.1-SNAPSHOT @ C:\Users\Abhishek\Desktop\Wipro_Training\Day21_Kafka\MyProject\Kafka_Online_Learning_Platform\api-gateway\pom.xml.
2025-08-17 21:59:15,640 [Worker-1: Building] INFO  o.a.m.s.f.DefaultMavenResourcesFiltering - Copying 1 resource from src\main\resources to target\classes
2025-08-17 21:59:15,665 [Worker-1: Building] INFO  o.a.m.s.f.DefaultMavenResourcesFiltering - Copying 0 resource from src\main\resources to target\classes
2025-08-17 21:59:15,675 [Worker-1: Building] INFO  o.a.m.s.f.DefaultMavenResourcesFiltering - skip non existing resourceDirectory C:\Users\Abhishek\Desktop\Wipro_Training\Day21_Kafka\MyProject\Kafka_Online_Learning_Platform\api-gateway\src\test\resources
2025-08-17 21:59:16,517 [Worker-14: Building] INFO  o.a.m.s.f.DefaultMavenResourcesFiltering - Copying 1 resource from src\main\resources to target\classes
2025-08-17 21:59:16,521 [Worker-14: Building] INFO  o.a.m.s.f.DefaultMavenResourcesFiltering - Copying 0 resource from src\main\resources to target\classes
2025-08-17 21:59:16,528 [Worker-14: Building] INFO  o.a.m.s.f.DefaultMavenResourcesFiltering - skip non existing resourceDirectory C:\Users\Abhishek\Desktop\Wipro_Training\Day21_Kafka\MyProject\Kafka_Online_Learning_Platform\api-gateway\src\test\resources
2025-08-17 21:59:17,464 [Worker-14: Building] INFO  o.e.m.c.i.l.LifecycleMappingFactory - Using org.maven.ide.eclipse.wtp.WarLifecycleMapping lifecycle mapping for MavenProject: com.example:eureka-server:0.0.1-SNAPSHOT @ C:\Users\Abhishek\Desktop\Wipro_Training\Day21_Kafka\MyProject\Kafka_Online_Learning_Platform\eureka-server\pom.xml.
2025-08-17 21:59:19,595 [Worker-14: Building] INFO  o.a.m.s.f.DefaultMavenResourcesFiltering - Copying 1 resource from src\main\resources to target\classes
2025-08-17 21:59:19,617 [Worker-14: Building] INFO  o.a.m.s.f.DefaultMavenResourcesFiltering - Copying 0 resource from src\main\resources to target\classes
2025-08-17 21:59:19,624 [Worker-14: Building] INFO  o.a.m.s.f.DefaultMavenResourcesFiltering - skip non existing resourceDirectory C:\Users\Abhishek\Desktop\Wipro_Training\Day21_Kafka\MyProject\Kafka_Online_Learning_Platform\eureka-server\src\test\resources
2025-08-17 21:59:20,098 [Worker-24: Building] INFO  o.a.m.s.f.DefaultMavenResourcesFiltering - Copying 1 resource from src\main\resources to target\classes
2025-08-17 21:59:20,102 [Worker-24: Building] INFO  o.a.m.s.f.DefaultMavenResourcesFiltering - Copying 0 resource from src\main\resources to target\classes
2025-08-17 21:59:20,107 [Worker-24: Building] INFO  o.a.m.s.f.DefaultMavenResourcesFiltering - skip non existing resourceDirectory C:\Users\Abhishek\Desktop\Wipro_Training\Day21_Kafka\MyProject\Kafka_Online_Learning_Platform\eureka-server\src\test\resources
2025-08-17 21:59:20,666 [Worker-20: Updating Maven Dependencies] INFO  o.e.m.c.i.l.LifecycleMappingFactory - Using org.maven.ide.eclipse.wtp.WarLifecycleMapping lifecycle mapping for MavenProject: com.example:api-gateway:0.0.1-SNAPSHOT @ C:\Users\Abhishek\Desktop\Wipro_Training\Day21_Kafka\MyProject\Kafka_Online_Learning_Platform\api-gateway\pom.xml.
2025-08-17 22:03:28,060 [Worker-26: Building] INFO  o.a.m.s.f.DefaultMavenResourcesFiltering - Copying 1 resource from src\main\resources to target\classes
2025-08-17 22:03:28,080 [Worker-26: Building] INFO  o.a.m.s.f.DefaultMavenResourcesFiltering - Copying 0 resource from src\main\resources to target\classes
2025-08-17 22:03:28,085 [Worker-26: Building] INFO  o.a.m.s.f.DefaultMavenResourcesFiltering - skip non existing resourceDirectory C:\Users\Abhishek\Desktop\Wipro_Training\Day21_Kafka\MyProject\Kafka_Online_Learning_Platform\api-gateway\src\test\resources
2025-08-17 22:13:22,720 [Worker-5: Updating Maven Dependencies] INFO  o.e.m.c.i.l.LifecycleMappingFactory - Using org.maven.ide.eclipse.wtp.WarLifecycleMapping lifecycle mapping for MavenProject: com.example:order-service:0.0.1-SNAPSHOT @ C:\Users\Abhishek\Desktop\Wipro_Training\Day21_Kafka\MamProject\ecommerce-microservice\order-service\pom.xml.
2025-08-17 22:13:24,707 [Worker-23: Building] INFO  o.e.m.c.i.l.LifecycleMappingFactory - Using org.maven.ide.eclipse.wtp.WarLifecycleMapping lifecycle mapping for MavenProject: com.example:customer-service:0.0.1-SNAPSHOT @ C:\Users\Abhishek\Desktop\Wipro_Training\Day21_Kafka\MamProject\ecommerce-microservice\customer-service\pom.xml.
2025-08-17 22:13:26,510 [Worker-23: Building] INFO  o.a.m.s.f.DefaultMavenResourcesFiltering - Copying 1 resource from src\main\resources to target\classes
2025-08-17 22:13:26,524 [Worker-23: Building] INFO  o.a.m.s.f.DefaultMavenResourcesFiltering - Copying 0 resource from src\main\resources to target\classes
2025-08-17 22:13:26,528 [Worker-23: Building] INFO  o.a.m.s.f.DefaultMavenResourcesFiltering - skip non existing resourceDirectory C:\Users\Abhishek\Desktop\Wipro_Training\Day21_Kafka\MamProject\ecommerce-microservice\customer-service\src\test\resources
2025-08-17 22:13:27,321 [Worker-30: Building] INFO  o.a.m.s.f.DefaultMavenResourcesFiltering - Copying 1 resource from src\main\resources to target\classes
2025-08-17 22:13:27,325 [Worker-30: Building] INFO  o.a.m.s.f.DefaultMavenResourcesFiltering - Copying 0 resource from src\main\resources to target\classes
2025-08-17 22:13:27,329 [Worker-30: Building] INFO  o.a.m.s.f.DefaultMavenResourcesFiltering - skip non existing resourceDirectory C:\Users\Abhishek\Desktop\Wipro_Training\Day21_Kafka\MamProject\ecommerce-microservice\customer-service\src\test\resources
2025-08-17 22:13:28,232 [Worker-30: Building] INFO  o.e.m.c.i.l.LifecycleMappingFactory - Using org.maven.ide.eclipse.wtp.WarLifecycleMapping lifecycle mapping for MavenProject: com.example:order-service:0.0.1-SNAPSHOT @ C:\Users\Abhishek\Desktop\Wipro_Training\Day21_Kafka\MamProject\ecommerce-microservice\order-service\pom.xml.
2025-08-17 22:13:30,251 [Worker-30: Building] INFO  o.a.m.s.f.DefaultMavenResourcesFiltering - Copying 1 resource from src\main\resources to target\classes
2025-08-17 22:13:30,268 [Worker-30: Building] INFO  o.a.m.s.f.DefaultMavenResourcesFiltering - Copying 0 resource from src\main\resources to target\classes
2025-08-17 22:13:30,275 [Worker-30: Building] INFO  o.a.m.s.f.DefaultMavenResourcesFiltering - skip non existing resourceDirectory C:\Users\Abhishek\Desktop\Wipro_Training\Day21_Kafka\MamProject\ecommerce-microservice\order-service\src\test\resources
2025-08-17 22:13:31,360 [Worker-11: Updating Maven Dependencies] INFO  o.e.m.c.i.l.LifecycleMappingFactory - Using org.maven.ide.eclipse.wtp.WarLifecycleMapping lifecycle mapping for MavenProject: com.example:order-service:0.0.1-SNAPSHOT @ C:\Users\Abhishek\Desktop\Wipro_Training\Day21_Kafka\MamProject\ecommerce-microservice\order-service\pom.xml.
2025-08-17 22:13:38,805 [Worker-21: Building] INFO  o.a.m.s.f.DefaultMavenResourcesFiltering - Copying 1 resource from src\main\resources to target\classes
2025-08-17 22:13:38,829 [Worker-21: Building] INFO  o.a.m.s.f.DefaultMavenResourcesFiltering - Copying 0 resource from src\main\resources to target\classes
2025-08-17 22:13:38,835 [Worker-21: Building] INFO  o.a.m.s.f.DefaultMavenResourcesFiltering - skip non existing resourceDirectory C:\Users\Abhishek\Desktop\Wipro_Training\Day21_Kafka\MamProject\ecommerce-microservice\order-service\src\test\resources
2025-08-17 22:13:39,407 [Worker-21: Building] INFO  o.e.m.c.i.l.LifecycleMappingFactory - Using org.maven.ide.eclipse.wtp.WarLifecycleMapping lifecycle mapping for MavenProject: com.example:payment-service:0.0.1-SNAPSHOT @ C:\Users\Abhishek\Desktop\Wipro_Training\Day21_Kafka\MamProject\ecommerce-microservice\payment-service\pom.xml.
2025-08-17 22:13:40,728 [Worker-21: Building] INFO  o.a.m.s.f.DefaultMavenResourcesFiltering - Copying 1 resource from src\main\resources to target\classes
2025-08-17 22:13:40,743 [Worker-21: Building] INFO  o.a.m.s.f.DefaultMavenResourcesFiltering - Copying 0 resource from src\main\resources to target\classes
2025-08-17 22:13:40,748 [Worker-21: Building] INFO  o.a.m.s.f.DefaultMavenResourcesFiltering - skip non existing resourceDirectory C:\Users\Abhishek\Desktop\Wipro_Training\Day21_Kafka\MamProject\ecommerce-microservice\payment-service\src\test\resources
2025-08-17 22:13:41,090 [Worker-17: Building] INFO  o.a.m.s.f.DefaultMavenResourcesFiltering - Copying 1 resource from src\main\resources to target\classes
2025-08-17 22:13:41,093 [Worker-17: Building] INFO  o.a.m.s.f.DefaultMavenResourcesFiltering - Copying 0 resource from src\main\resources to target\classes
2025-08-17 22:13:41,098 [Worker-17: Building] INFO  o.a.m.s.f.DefaultMavenResourcesFiltering - skip non existing resourceDirectory C:\Users\Abhishek\Desktop\Wipro_Training\Day21_Kafka\MamProject\ecommerce-microservice\payment-service\src\test\resources
2025-08-17 22:13:41,765 [Worker-17: Building] INFO  o.e.m.c.i.l.LifecycleMappingFactory - Using org.maven.ide.eclipse.wtp.WarLifecycleMapping lifecycle mapping for MavenProject: com.example:product-service:0.0.1-SNAPSHOT @ C:\Users\Abhishek\Desktop\Wipro_Training\Day21_Kafka\MamProject\ecommerce-microservice\product-service\pom.xml.
2025-08-17 22:13:43,350 [Worker-17: Building] INFO  o.a.m.s.f.DefaultMavenResourcesFiltering - Copying 1 resource from src\main\resources to target\classes
2025-08-17 22:13:43,364 [Worker-17: Building] INFO  o.a.m.s.f.DefaultMavenResourcesFiltering - Copying 0 resource from src\main\resources to target\classes
2025-08-17 22:13:43,368 [Worker-17: Building] INFO  o.a.m.s.f.DefaultMavenResourcesFiltering - skip non existing resourceDirectory C:\Users\Abhishek\Desktop\Wipro_Training\Day21_Kafka\MamProject\ecommerce-microservice\product-service\src\test\resources
2025-08-17 22:13:44,567 [Worker-27: Building] INFO  o.a.m.s.f.DefaultMavenResourcesFiltering - Copying 1 resource from src\main\resources to target\classes
2025-08-17 22:13:44,570 [Worker-27: Building] INFO  o.a.m.s.f.DefaultMavenResourcesFiltering - Copying 0 resource from src\main\resources to target\classes
2025-08-17 22:13:44,574 [Worker-27: Building] INFO  o.a.m.s.f.DefaultMavenResourcesFiltering - skip non existing resourceDirectory C:\Users\Abhishek\Desktop\Wipro_Training\Day21_Kafka\MamProject\ecommerce-microservice\product-service\src\test\resources
2025-08-17 22:14:04,685 [Worker-26: Update Maven projects configuration] INFO  o.e.m.c.i.p.ProjectConfigurationManager - Update started
2025-08-17 22:14:05,205 [Worker-26: Update Maven projects configuration] INFO  o.e.m.c.i.l.LifecycleMappingFactory - Using org.maven.ide.eclipse.wtp.WarLifecycleMapping lifecycle mapping for MavenProject: com.example:assessment-service:0.0.1-SNAPSHOT @ C:\Users\Abhishek\Desktop\Wipro_Training\Day21_Kafka\MyProject\Kafka_Online_Learning_Platform\assessment-service\pom.xml.
2025-08-17 22:14:06,409 [Worker-26: Update Maven projects configuration] INFO  o.e.m.j.i.AbstractJavaProjectConfigurator - Adding source folder /assessment-service/src/main/java
2025-08-17 22:14:06,411 [Worker-26: Update Maven projects configuration] INFO  o.e.m.j.i.AbstractJavaProjectConfigurator - Adding resource folder /assessment-service/src/main/resources
2025-08-17 22:14:06,419 [Worker-26: Update Maven projects configuration] INFO  o.e.m.j.i.AbstractJavaProjectConfigurator - Adding resource folder /assessment-service/src/main/resources
2025-08-17 22:14:06,423 [Worker-26: Update Maven projects configuration] INFO  o.e.m.j.i.AbstractJavaProjectConfigurator - Adding source folder /assessment-service/src/test/java
2025-08-17 22:14:06,425 [Worker-26: Update Maven projects configuration] INFO  o.e.m.j.i.AbstractJavaProjectConfigurator - Adding resource folder /assessment-service/src/test/resources
2025-08-17 22:14:06,924 [Worker-20: Building] INFO  o.a.m.s.f.DefaultMavenResourcesFiltering - Copying 1 resource from src\main\resources to target\classes
2025-08-17 22:14:06,941 [Worker-20: Building] INFO  o.a.m.s.f.DefaultMavenResourcesFiltering - Copying 0 resource from src\main\resources to target\classes
2025-08-17 22:14:06,948 [Worker-20: Building] INFO  o.a.m.s.f.DefaultMavenResourcesFiltering - skip non existing resourceDirectory C:\Users\Abhishek\Desktop\Wipro_Training\Day21_Kafka\MyProject\Kafka_Online_Learning_Platform\assessment-service\src\test\resources
2025-08-17 22:14:07,445 [Worker-20: Building] INFO  o.e.m.c.i.l.LifecycleMappingFactory - Using org.maven.ide.eclipse.wtp.WarLifecycleMapping lifecycle mapping for MavenProject: com.example:classroom-service:0.0.1-SNAPSHOT @ C:\Users\Abhishek\Desktop\Wipro_Training\Day21_Kafka\MyProject\Kafka_Online_Learning_Platform\classroom-service\pom.xml.
2025-08-17 22:14:08,513 [Worker-20: Building] INFO  o.a.m.s.f.DefaultMavenResourcesFiltering - Copying 1 resource from src\main\resources to target\classes
2025-08-17 22:14:08,563 [Worker-20: Building] INFO  o.a.m.s.f.DefaultMavenResourcesFiltering - Copying 0 resource from src\main\resources to target\classes
2025-08-17 22:14:08,576 [Worker-20: Building] INFO  o.a.m.s.f.DefaultMavenResourcesFiltering - skip non existing resourceDirectory C:\Users\Abhishek\Desktop\Wipro_Training\Day21_Kafka\MyProject\Kafka_Online_Learning_Platform\classroom-service\src\test\resources
2025-08-17 22:14:09,290 [Worker-31: Building] INFO  o.e.m.c.i.l.LifecycleMappingFactory - Using org.maven.ide.eclipse.wtp.WarLifecycleMapping lifecycle mapping for MavenProject: com.example:course-service:0.0.1-SNAPSHOT @ C:\Users\Abhishek\Desktop\Wipro_Training\Day21_Kafka\MyProject\Kafka_Online_Learning_Platform\course-service\pom.xml.
2025-08-17 22:14:10,352 [Worker-31: Building] INFO  o.a.m.s.f.DefaultMavenResourcesFiltering - Copying 1 resource from src\main\resources to target\classes
2025-08-17 22:14:10,367 [Worker-31: Building] INFO  o.a.m.s.f.DefaultMavenResourcesFiltering - Copying 0 resource from src\main\resources to target\classes
2025-08-17 22:14:10,373 [Worker-31: Building] INFO  o.a.m.s.f.DefaultMavenResourcesFiltering - skip non existing resourceDirectory C:\Users\Abhishek\Desktop\Wipro_Training\Day21_Kafka\MyProject\Kafka_Online_Learning_Platform\course-service\src\test\resources
2025-08-17 22:14:11,065 [Worker-26: Update Maven projects configuration] INFO  o.e.m.c.i.p.ProjectConfigurationManager - Update completed for 1 poms: local refresh takes 0.00 sec, refresh facades takes 1.00 sec, update config takes 4.00 sec 
2025-08-17 22:14:11,072 [Worker-26: Update Maven projects configuration] INFO  o.e.m.c.i.p.ProjectConfigurationManager - Update started
2025-08-17 22:14:12,996 [Worker-26: Update Maven projects configuration] INFO  o.e.m.c.i.l.LifecycleMappingFactory - Using org.maven.ide.eclipse.wtp.WarLifecycleMapping lifecycle mapping for MavenProject: com.example:user-service:0.0.1-SNAPSHOT @ C:\Users\Abhishek\Desktop\Wipro_Training\Day21_Kafka\MyProject\Kafka_Online_Learning_Platform\user-service\pom.xml.
2025-08-17 22:14:13,514 [Worker-26: Update Maven projects configuration] INFO  o.e.m.c.i.l.LifecycleMappingFactory - Using org.maven.ide.eclipse.wtp.WarLifecycleMapping lifecycle mapping for MavenProject: com.example:classroom-service:0.0.1-SNAPSHOT @ C:\Users\Abhishek\Desktop\Wipro_Training\Day21_Kafka\MyProject\Kafka_Online_Learning_Platform\classroom-service\pom.xml.
2025-08-17 22:14:13,666 [Worker-26: Update Maven projects configuration] INFO  o.e.m.c.i.l.LifecycleMappingFactory - Using org.maven.ide.eclipse.wtp.WarLifecycleMapping lifecycle mapping for MavenProject: com.example:notification-service:0.0.1-SNAPSHOT @ C:\Users\Abhishek\Desktop\Wipro_Training\Day21_Kafka\MyProject\Kafka_Online_Learning_Platform\notification-service\pom.xml.
2025-08-17 22:14:13,800 [Worker-26: Update Maven projects configuration] INFO  o.e.m.c.i.l.LifecycleMappingFactory - Using org.maven.ide.eclipse.wtp.WarLifecycleMapping lifecycle mapping for MavenProject: com.example:course-service:0.0.1-SNAPSHOT @ C:\Users\Abhishek\Desktop\Wipro_Training\Day21_Kafka\MyProject\Kafka_Online_Learning_Platform\course-service\pom.xml.
2025-08-17 22:14:13,940 [Worker-26: Update Maven projects configuration] INFO  o.e.m.c.i.l.LifecycleMappingFactory - Using org.maven.ide.eclipse.wtp.WarLifecycleMapping lifecycle mapping for MavenProject: com.example:assessment-service:0.0.1-SNAPSHOT @ C:\Users\Abhishek\Desktop\Wipro_Training\Day21_Kafka\MyProject\Kafka_Online_Learning_Platform\assessment-service\pom.xml.
2025-08-17 22:14:17,137 [Worker-26: Update Maven projects configuration] INFO  o.e.m.j.i.AbstractJavaProjectConfigurator - Adding source folder /user-service/src/main/java
2025-08-17 22:14:17,140 [Worker-26: Update Maven projects configuration] INFO  o.e.m.j.i.AbstractJavaProjectConfigurator - Adding resource folder /user-service/src/main/resources
2025-08-17 22:14:17,148 [Worker-26: Update Maven projects configuration] INFO  o.e.m.j.i.AbstractJavaProjectConfigurator - Adding resource folder /user-service/src/main/resources
2025-08-17 22:14:17,159 [Worker-26: Update Maven projects configuration] INFO  o.e.m.j.i.AbstractJavaProjectConfigurator - Adding source folder /user-service/src/test/java
2025-08-17 22:14:17,161 [Worker-26: Update Maven projects configuration] INFO  o.e.m.j.i.AbstractJavaProjectConfigurator - Adding resource folder /user-service/src/test/resources
2025-08-17 22:14:17,690 [Worker-31: Updating Maven Dependencies] WARN  o.e.m.c.i.markers.MarkerUtils - Could not find OSGI service for org.eclipse.m2e.core.internal.markers.IEditorMarkerService
2025-08-17 22:14:17,696 [Worker-31: Updating Maven Dependencies] INFO  o.e.m.c.i.p.r.ProjectRegistryRefreshJob - org.eclipse.m2e.core.internal.project.registry.ProjectRegistryRefreshJob was canceled
2025-08-17 22:14:17,998 [Worker-26: Update Maven projects configuration] WARN  o.e.m.c.p.c.AbstractLifecycleMapping - Could not update project user-service configuration
java.lang.NullPointerException: Cannot invoke "org.eclipse.core.internal.events.NotificationManager.endAvoidNotify()" because "this.notificationManager" is null
	at org.eclipse.core.internal.resources.Workspace.run(Workspace.java:2468)
	at org.eclipse.core.internal.resources.Workspace.run(Workspace.java:2482)
	at org.eclipse.jdt.internal.core.JavaModelOperation.runOperation(JavaModelOperation.java:821)
	at org.eclipse.jdt.core.JavaCore.setClasspathContainer(JavaCore.java:6237)
	at org.eclipse.m2e.jdt.internal.BuildPathManager.updateClasspath(BuildPathManager.java:202)
	at org.eclipse.m2e.jdt.internal.AbstractJavaProjectConfigurator.configure(AbstractJavaProjectConfigurator.java:191)
	at org.eclipse.m2e.core.project.configurator.AbstractLifecycleMapping.configure(AbstractLifecycleMapping.java:127)
	at org.eclipse.m2e.core.internal.project.ProjectConfigurationManager.lambda$6(ProjectConfigurationManager.java:506)
	at org.eclipse.m2e.core.internal.embedder.MavenExecutionContext.executeBare(MavenExecutionContext.java:458)
	at org.eclipse.m2e.core.internal.embedder.MavenExecutionContext.execute(MavenExecutionContext.java:339)
	at org.eclipse.m2e.core.internal.project.ProjectConfigurationManager.updateProjectConfiguration(ProjectConfigurationManager.java:500)
	at org.eclipse.m2e.core.internal.project.ProjectConfigurationManager.lambda$4(ProjectConfigurationManager.java:426)
	at java.base/java.util.Collection.removeIf(Collection.java:581)
	at org.eclipse.m2e.core.internal.project.ProjectConfigurationManager.updateProjectConfiguration0(ProjectConfigurationManager.java:414)
	at org.eclipse.m2e.core.internal.project.ProjectConfigurationManager.lambda$3(ProjectConfigurationManager.java:340)
	at org.eclipse.m2e.core.internal.embedder.MavenExecutionContext.executeBare(MavenExecutionContext.java:458)
	at org.eclipse.m2e.core.internal.embedder.MavenExecutionContext.execute(MavenExecutionContext.java:339)
	at org.eclipse.m2e.core.internal.embedder.MavenExecutionContext.execute(MavenExecutionContext.java:278)
	at org.eclipse.m2e.core.internal.embedder.MavenImpl.execute(MavenImpl.java:1053)
	at org.eclipse.m2e.core.internal.project.ProjectConfigurationManager.updateProjectConfiguration(ProjectConfigurationManager.java:339)
	at org.eclipse.m2e.core.ui.internal.project.MavenProjectConfigurator$UpdateMavenConfigurationJob.run(MavenProjectConfigurator.java:177)
	at org.eclipse.core.internal.jobs.Worker.run(Worker.java:63)
2025-08-17 22:14:18,022 [Worker-26: Update Maven projects configuration] INFO  o.e.m.c.i.p.ProjectConfigurationManager - Update completed for 5 poms: local refresh takes 0.00 sec, refresh facades takes 5.00 sec, update config takes 1.00 sec 
2025-08-17 22:14:33,125 [Worker-1: Loading available Gradle versions] INFO  o.e.b.c.i.u.g.PublishedGradleVersions - Gradle version information cache is up-to-date. Trying to read.
2025-08-17 22:14:38,712 [Worker-9: Building] INFO  o.a.m.s.f.DefaultMavenResourcesFiltering - Copying 1 resource from src\main\resources to target\classes
2025-08-17 22:14:38,739 [Worker-9: Building] INFO  o.a.m.s.f.DefaultMavenResourcesFiltering - Copying 0 resource from src\main\resources to target\classes
2025-08-17 22:14:38,755 [Worker-9: Building] INFO  o.a.m.s.f.DefaultMavenResourcesFiltering - skip non existing resourceDirectory C:\Users\Abhishek\Desktop\Wipro_Training\Day21_Kafka\MyProject\Kafka_Online_Learning_Platform\assessment-service\src\test\resources
2025-08-17 22:15:15,566 [Worker-2: Loading available Gradle versions] INFO  o.e.b.c.i.u.g.PublishedGradleVersions - Gradle version information cache is up-to-date. Trying to read.
2025-08-17 22:15:55,483 [Worker-15: Building] INFO  o.a.m.s.f.DefaultMavenResourcesFiltering - Copying 1 resource from src\main\resources to target\classes
2025-08-17 22:15:55,514 [Worker-15: Building] INFO  o.a.m.s.f.DefaultMavenResourcesFiltering - Copying 0 resource from src\main\resources to target\classes
2025-08-17 22:15:55,524 [Worker-15: Building] INFO  o.a.m.s.f.DefaultMavenResourcesFiltering - skip non existing resourceDirectory C:\Users\Abhishek\Desktop\Wipro_Training\Day21_Kafka\MyProject\Kafka_Online_Learning_Platform\assessment-service\src\test\resources
2025-08-17 22:15:58,924 [Worker-26: Building] INFO  o.a.m.s.f.DefaultMavenResourcesFiltering - Copying 1 resource from src\main\resources to target\classes
2025-08-17 22:15:58,959 [Worker-26: Building] INFO  o.a.m.s.f.DefaultMavenResourcesFiltering - Copying 0 resource from src\main\resources to target\classes
2025-08-17 22:15:58,970 [Worker-26: Building] INFO  o.a.m.s.f.DefaultMavenResourcesFiltering - skip non existing resourceDirectory C:\Users\Abhishek\Desktop\Wipro_Training\Day21_Kafka\MyProject\Kafka_Online_Learning_Platform\classroom-service\src\test\resources
2025-08-17 22:16:00,311 [Worker-26: Building] INFO  o.a.m.s.f.DefaultMavenResourcesFiltering - Copying 1 resource from src\main\resources to target\classes
2025-08-17 22:16:00,323 [Worker-26: Building] INFO  o.a.m.s.f.DefaultMavenResourcesFiltering - Copying 0 resource from src\main\resources to target\classes
2025-08-17 22:16:00,328 [Worker-26: Building] INFO  o.a.m.s.f.DefaultMavenResourcesFiltering - skip non existing resourceDirectory C:\Users\Abhishek\Desktop\Wipro_Training\Day21_Kafka\MyProject\Kafka_Online_Learning_Platform\course-service\src\test\resources
2025-08-17 22:16:01,949 [Worker-23: Building] INFO  o.a.m.s.f.DefaultMavenResourcesFiltering - Copying 1 resource from src\main\resources to target\classes
2025-08-17 22:16:01,962 [Worker-23: Building] INFO  o.a.m.s.f.DefaultMavenResourcesFiltering - Copying 0 resource from src\main\resources to target\classes
2025-08-17 22:16:01,967 [Worker-23: Building] INFO  o.a.m.s.f.DefaultMavenResourcesFiltering - skip non existing resourceDirectory C:\Users\Abhishek\Desktop\Wipro_Training\Day21_Kafka\MyProject\Kafka_Online_Learning_Platform\eureka-server\src\test\resources
2025-08-17 22:16:03,302 [Worker-23: Building] INFO  o.a.m.s.f.DefaultMavenResourcesFiltering - Copying 1 resource from src\main\resources to target\classes
2025-08-17 22:16:03,317 [Worker-23: Building] INFO  o.a.m.s.f.DefaultMavenResourcesFiltering - Copying 0 resource from src\main\resources to target\classes
2025-08-17 22:16:03,322 [Worker-23: Building] INFO  o.a.m.s.f.DefaultMavenResourcesFiltering - skip non existing resourceDirectory C:\Users\Abhishek\Desktop\Wipro_Training\Day21_Kafka\MyProject\Kafka_Online_Learning_Platform\notification-service\src\test\resources
2025-08-17 22:16:03,635 [Worker-23: Building] INFO  o.a.m.s.f.DefaultMavenResourcesFiltering - Copying 1 resource from src\main\resources to target\classes
2025-08-17 22:16:03,647 [Worker-23: Building] INFO  o.a.m.s.f.DefaultMavenResourcesFiltering - Copying 0 resource from src\main\resources to target\classes
2025-08-17 22:16:03,652 [Worker-23: Building] INFO  o.a.m.s.f.DefaultMavenResourcesFiltering - skip non existing resourceDirectory C:\Users\Abhishek\Desktop\Wipro_Training\Day21_Kafka\MyProject\Kafka_Online_Learning_Platform\user-service\src\test\resources
2025-08-17 22:18:48,261 [Worker-7: Building] INFO  o.a.m.s.f.DefaultMavenResourcesFiltering - Copying 1 resource from src\main\resources to target\classes
2025-08-17 22:18:48,270 [Worker-7: Building] INFO  o.a.m.s.f.DefaultMavenResourcesFiltering - Copying 0 resource from src\main\resources to target\classes
2025-08-17 22:18:48,273 [Worker-7: Building] INFO  o.a.m.s.f.DefaultMavenResourcesFiltering - skip non existing resourceDirectory C:\Users\Abhishek\Desktop\Wipro_Training\Day21_Kafka\MyProject\Kafka_Online_Learning_Platform\course-service\src\test\resources
2025-08-17 22:19:13,050 [Worker-31: Building] INFO  o.a.m.s.f.DefaultMavenResourcesFiltering - Copying 1 resource from src\main\resources to target\classes
2025-08-17 22:19:13,061 [Worker-31: Building] INFO  o.a.m.s.f.DefaultMavenResourcesFiltering - Copying 0 resource from src\main\resources to target\classes
2025-08-17 22:19:13,064 [Worker-31: Building] INFO  o.a.m.s.f.DefaultMavenResourcesFiltering - skip non existing resourceDirectory C:\Users\Abhishek\Desktop\Wipro_Training\Day21_Kafka\MyProject\Kafka_Online_Learning_Platform\user-service\src\test\resources
2025-08-17 22:20:32,873 [Worker-32: Building] INFO  o.a.m.s.f.DefaultMavenResourcesFiltering - Copying 1 resource from src\main\resources to target\classes
2025-08-17 22:20:32,893 [Worker-32: Building] INFO  o.a.m.s.f.DefaultMavenResourcesFiltering - Copying 0 resource from src\main\resources to target\classes
2025-08-17 22:20:32,899 [Worker-32: Building] INFO  o.a.m.s.f.DefaultMavenResourcesFiltering - skip non existing resourceDirectory C:\Users\Abhishek\Desktop\Wipro_Training\Day21_Kafka\MyProject\Kafka_Online_Learning_Platform\user-service\src\test\resources
2025-08-17 22:20:39,730 [Worker-34: Building] INFO  o.a.m.s.f.DefaultMavenResourcesFiltering - Copying 1 resource from src\main\resources to target\classes
2025-08-17 22:20:39,744 [Worker-34: Building] INFO  o.a.m.s.f.DefaultMavenResourcesFiltering - Copying 0 resource from src\main\resources to target\classes
2025-08-17 22:20:39,751 [Worker-34: Building] INFO  o.a.m.s.f.DefaultMavenResourcesFiltering - skip non existing resourceDirectory C:\Users\Abhishek\Desktop\Wipro_Training\Day21_Kafka\MyProject\Kafka_Online_Learning_Platform\user-service\src\test\resources
2025-08-17 22:20:49,616 [Worker-32: Building] INFO  o.a.m.s.f.DefaultMavenResourcesFiltering - Copying 1 resource from src\main\resources to target\classes
2025-08-17 22:20:49,633 [Worker-32: Building] INFO  o.a.m.s.f.DefaultMavenResourcesFiltering - Copying 0 resource from src\main\resources to target\classes
2025-08-17 22:20:49,639 [Worker-32: Building] INFO  o.a.m.s.f.DefaultMavenResourcesFiltering - skip non existing resourceDirectory C:\Users\Abhishek\Desktop\Wipro_Training\Day21_Kafka\MyProject\Kafka_Online_Learning_Platform\user-service\src\test\resources
2025-08-17 22:20:59,474 [Worker-34: Building] INFO  o.a.m.s.f.DefaultMavenResourcesFiltering - Copying 1 resource from src\main\resources to target\classes
2025-08-17 22:20:59,485 [Worker-34: Building] INFO  o.a.m.s.f.DefaultMavenResourcesFiltering - Copying 0 resource from src\main\resources to target\classes
2025-08-17 22:20:59,492 [Worker-34: Building] INFO  o.a.m.s.f.DefaultMavenResourcesFiltering - skip non existing resourceDirectory C:\Users\Abhishek\Desktop\Wipro_Training\Day21_Kafka\MyProject\Kafka_Online_Learning_Platform\user-service\src\test\resources
2025-08-17 22:26:16,763 [Worker-35: Building] INFO  o.a.m.s.f.DefaultMavenResourcesFiltering - Copying 1 resource from src\main\resources to target\classes
2025-08-17 22:26:16,779 [Worker-35: Building] INFO  o.a.m.s.f.DefaultMavenResourcesFiltering - Copying 0 resource from src\main\resources to target\classes
2025-08-17 22:26:16,785 [Worker-35: Building] INFO  o.a.m.s.f.DefaultMavenResourcesFiltering - skip non existing resourceDirectory C:\Users\Abhishek\Desktop\Wipro_Training\Day21_Kafka\MyProject\Kafka_Online_Learning_Platform\user-service\src\test\resources
2025-08-17 22:26:31,275 [Worker-36: Building] INFO  o.a.m.s.f.DefaultMavenResourcesFiltering - Copying 1 resource from src\main\resources to target\classes
2025-08-17 22:26:31,283 [Worker-36: Building] INFO  o.a.m.s.f.DefaultMavenResourcesFiltering - Copying 0 resource from src\main\resources to target\classes
2025-08-17 22:26:31,288 [Worker-36: Building] INFO  o.a.m.s.f.DefaultMavenResourcesFiltering - skip non existing resourceDirectory C:\Users\Abhishek\Desktop\Wipro_Training\Day21_Kafka\MyProject\Kafka_Online_Learning_Platform\user-service\src\test\resources
2025-08-17 22:27:00,141 [Worker-33: Building] INFO  o.a.m.s.f.DefaultMavenResourcesFiltering - Copying 1 resource from src\main\resources to target\classes
2025-08-17 22:27:00,148 [Worker-33: Building] INFO  o.a.m.s.f.DefaultMavenResourcesFiltering - Copying 0 resource from src\main\resources to target\classes
2025-08-17 22:27:00,154 [Worker-33: Building] INFO  o.a.m.s.f.DefaultMavenResourcesFiltering - skip non existing resourceDirectory C:\Users\Abhishek\Desktop\Wipro_Training\Day21_Kafka\MyProject\Kafka_Online_Learning_Platform\user-service\src\test\resources
2025-08-17 22:27:38,625 [Worker-35: Building] INFO  o.a.m.s.f.DefaultMavenResourcesFiltering - Copying 1 resource from src\main\resources to target\classes
2025-08-17 22:27:38,636 [Worker-35: Building] INFO  o.a.m.s.f.DefaultMavenResourcesFiltering - Copying 0 resource from src\main\resources to target\classes
2025-08-17 22:27:38,642 [Worker-35: Building] INFO  o.a.m.s.f.DefaultMavenResourcesFiltering - skip non existing resourceDirectory C:\Users\Abhishek\Desktop\Wipro_Training\Day21_Kafka\MyProject\Kafka_Online_Learning_Platform\user-service\src\test\resources
2025-08-17 22:53:09,935 [Worker-42: Building] INFO  o.a.m.s.f.DefaultMavenResourcesFiltering - Copying 1 resource from src\main\resources to target\classes
2025-08-17 22:53:10,082 [Worker-42: Building] INFO  o.a.m.s.f.DefaultMavenResourcesFiltering - Copying 0 resource from src\main\resources to target\classes
2025-08-17 22:53:10,092 [Worker-42: Building] INFO  o.a.m.s.f.DefaultMavenResourcesFiltering - skip non existing resourceDirectory C:\Users\Abhishek\Desktop\Wipro_Training\Day21_Kafka\MyProject\Kafka_Online_Learning_Platform\course-service\src\test\resources
